c:\users\lenovo\source\repos\opengl\opengl\debug\vc142.pdb
c:\users\lenovo\source\repos\opengl\opengl\debug\vc142.idb
c:\users\lenovo\source\repos\opengl\opengl\debug\main.obj
c:\users\lenovo\source\repos\opengl\opengl\debug\imgui_widgets.obj
c:\users\lenovo\source\repos\opengl\opengl\debug\imgui_tables.obj
c:\users\lenovo\source\repos\opengl\opengl\debug\imgui_impl_opengl2.obj
c:\users\lenovo\source\repos\opengl\opengl\debug\imgui_impl_glut.obj
c:\users\lenovo\source\repos\opengl\opengl\debug\imgui_draw.obj
c:\users\lenovo\source\repos\opengl\opengl\debug\imgui_demo.obj
c:\users\lenovo\source\repos\opengl\opengl\debug\imgui.obj
c:\users\lenovo\source\repos\opengl\debug\opengl.exe
c:\users\lenovo\source\repos\opengl\debug\opengl.ilk
c:\users\lenovo\source\repos\opengl\debug\opengl.pdb
c:\users\lenovo\source\repos\project\opengl\opengl\debug\imgui.obj
c:\users\lenovo\source\repos\project\opengl\opengl\debug\imgui_demo.obj
c:\users\lenovo\source\repos\project\opengl\opengl\debug\imgui_draw.obj
c:\users\lenovo\source\repos\project\opengl\opengl\debug\imgui_impl_glut.obj
c:\users\lenovo\source\repos\project\opengl\opengl\debug\imgui_impl_opengl2.obj
c:\users\lenovo\source\repos\project\opengl\opengl\debug\imgui_tables.obj
c:\users\lenovo\source\repos\project\opengl\opengl\debug\imgui_widgets.obj
c:\users\lenovo\source\repos\project\opengl\opengl\debug\main.obj
c:\users\lenovo\source\repos\project\opengl\opengl\debug\vc142.idb
c:\users\lenovo\source\repos\project\opengl\opengl\debug\vc142.pdb
c:\users\lenovo\source\repos\project\opengl\debug\opengl.pdb
c:\users\lenovo\source\repos\project\opengl\debug\opengl.exe
c:\users\lenovo\source\repos\project\opengl\debug\opengl.ilk
c:\users\lenovo\source\repos\project\opengl\opengl\debug\opengl.tlog\cl.command.1.tlog
c:\users\lenovo\source\repos\project\opengl\opengl\debug\opengl.tlog\cl.read.1.tlog
c:\users\lenovo\source\repos\project\opengl\opengl\debug\opengl.tlog\cl.write.1.tlog
c:\users\lenovo\source\repos\project\opengl\opengl\debug\opengl.tlog\link.command.1.tlog
c:\users\lenovo\source\repos\project\opengl\opengl\debug\opengl.tlog\link.read.1.tlog
c:\users\lenovo\source\repos\project\opengl\opengl\debug\opengl.tlog\link.write.1.tlog
